<?xml version="1.0" encoding="UTF-8"?>
<!-- Generated by org.testng.reporters.JUnitReportReporter -->
<testsuite hostname="LAPTOP-G0GMLDCQ" failures="0" tests="1" name="com.selenium.tests.GoogleTest" time="8.223" errors="0" timestamp="2025-10-07T18:06:16 IST" skipped="0">
  <testcase classname="com.selenium.tests.GoogleTest" name="verifyGoogleSearch" time="8.223"/>
</testsuite> <!-- com.selenium.tests.GoogleTest -->
